INFO 2026-03-18 17:27:53,422 accounts.services user: admin logged in.
WARNING 2026-03-18 17:30:58,956 accounts.selectors Failed authentication attempt for username: admin
INFO 2026-03-18 17:31:13,694 accounts.selectors user: admin authenticated.
INFO 2026-03-18 17:31:13,694 accounts.services user: admin logged in.
INFO 2026-03-18 18:34:25,146 accounts.selectors user: admin authenticated.
INFO 2026-03-18 18:34:25,146 accounts.services user: admin logged in.
INFO 2026-03-18 18:54:01,103 accounts.services user: admin logged out.
INFO 2026-03-18 18:54:07,669 accounts.selectors user: admin authenticated.
INFO 2026-03-18 18:54:07,669 accounts.services user: admin logged in.
INFO 2026-03-18 20:02:26,958 accounts.services user: admin logged out.
INFO 2026-03-18 20:02:35,675 accounts.selectors user: bps authenticated.
INFO 2026-03-18 20:02:35,675 accounts.services user: bps logged in.
INFO 2026-03-18 20:23:37,555 core.services Created new CalendarEvent: 2026-03-17 - Business Park Sofia - Active: True
INFO 2026-03-18 20:25:25,506 accounts.services user: bps logged out.
INFO 2026-03-19 17:52:58,527 accounts.selectors user: admin authenticated.
INFO 2026-03-19 17:52:58,528 accounts.services user: admin logged in.
INFO 2026-03-19 20:54:51,787 accounts.services user: admin logged out.
INFO 2026-03-19 20:54:59,611 accounts.selectors user: bps authenticated.
INFO 2026-03-19 20:54:59,611 accounts.services user: bps logged in.
INFO 2026-03-19 21:55:57,015 accounts.services user: bps logged out.
INFO 2026-03-19 21:56:02,380 accounts.selectors user: admin authenticated.
INFO 2026-03-19 21:56:02,380 accounts.services user: admin logged in.
INFO 2026-03-20 12:22:25,214 accounts.services user: admin logged out.
INFO 2026-03-20 12:22:32,705 accounts.selectors user: bps authenticated.
INFO 2026-03-20 12:22:32,705 accounts.services user: bps logged in.
INFO 2026-03-20 13:56:23,240 accounts.services user: bps logged out.
WARNING 2026-03-20 13:56:27,869 accounts.selectors Failed authentication attempt for username: admin
WARNING 2026-03-20 13:56:31,539 accounts.selectors Failed authentication attempt for username: 
INFO 2026-03-20 13:56:36,799 accounts.selectors user: admin authenticated.
INFO 2026-03-20 13:56:36,800 accounts.services user: admin logged in.
INFO 2026-03-20 14:01:00,279 accounts.services user: admin logged out.
WARNING 2026-03-20 14:01:05,959 accounts.selectors Failed authentication attempt for username: bps
INFO 2026-03-20 14:01:18,186 accounts.selectors user: bps authenticated.
INFO 2026-03-20 14:01:18,186 accounts.services user: bps logged in.
INFO 2026-03-20 15:11:05,164 accounts.services user: admin logged out.
INFO 2026-03-20 15:11:13,734 accounts.selectors user: bps authenticated.
INFO 2026-03-20 15:11:13,734 accounts.services user: bps logged in.
INFO 2026-03-20 15:24:07,521 sales.services New sale recorded: Sale on 2026-03-19 at Business Park Sofia | Reg#: A5656 | Active: True
INFO 2026-03-20 15:55:12,203 sales.services Sale deleted: Sale on 2026-03-19 at Business Park Sofia | Reg#: A5656 | Active: True
INFO 2026-03-20 15:59:57,943 sales.services Sale deleted: Sale on 2026-03-19 at Business Park Sofia | Reg#: 789789 | Active: True
INFO 2026-03-21 10:49:10,838 accounts.services user: admin logged out.
WARNING 2026-03-21 10:49:20,287 accounts.selectors Failed authentication attempt for username: bps
INFO 2026-03-21 10:49:29,757 accounts.selectors user: bps authenticated.
INFO 2026-03-21 10:49:29,758 accounts.services user: bps logged in.
INFO 2026-03-21 16:01:51,546 accounts.services user: admin logged out.
INFO 2026-03-21 16:01:59,241 accounts.selectors user: bps authenticated.
INFO 2026-03-21 16:01:59,241 accounts.services user: bps logged in.
INFO 2026-03-21 17:07:45,973 sales.services Cart created for sale 2 with services: ['112', '66', '117']
ERROR 2026-03-21 17:31:59,012 sales.services Cart amounts do not match expected values for sale 4
INFO 2026-03-21 17:35:03,389 accounts.services user: admin logged out.
INFO 2026-03-21 17:35:11,755 accounts.selectors user: bps authenticated.
INFO 2026-03-21 17:35:11,755 accounts.services user: bps logged in.
INFO 2026-03-21 17:35:25,110 sales.services New sale recorded: Sale on 2026-03-19 at Business Park Sofia | Reg#: 123 | Active: True
ERROR 2026-03-21 17:35:33,972 sales.services Cart amounts do not match expected values for sale 5
INFO 2026-03-21 17:38:58,091 sales.services New sale recorded: Sale on 2026-03-19 at Business Park Sofia | Reg#: 13 | Active: True
INFO 2026-03-21 17:39:06,889 sales.services Cart created for sale 6 with services: ['114', '106', '69']
INFO 2026-03-21 17:45:17,943 sales.services New sale recorded: Sale on 2026-03-19 at Business Park Sofia | Reg#: 9887 | Active: True
INFO 2026-03-21 17:46:22,552 sales.services Cart created for sale 7 with services: ['112', '69', '115']
INFO 2026-03-21 20:51:05,661 sales.services New sale recorded: Sale on 2026-03-19 at Business Park Sofia | Reg#: 789789 | Active: True
INFO 2026-03-21 20:54:59,136 sales.services Cart created for sale 8 with services: ['112', '125']
INFO 2026-03-21 20:55:12,508 sales.services New sale recorded: Sale on 2026-03-19 at Business Park Sofia | Reg#: 789789 | Active: True
INFO 2026-03-21 20:55:19,783 sales.services Cart created for sale 9 with services: ['76', '113', '125']
INFO 2026-03-21 21:33:49,540 sales.services Cart deleted: Cart object (None)
INFO 2026-03-22 16:23:06,209 accounts.selectors user: admin authenticated.
INFO 2026-03-22 16:23:06,210 accounts.services user: admin logged in.
INFO 2026-03-22 16:27:52,379 accounts.services user: admin logged out.
INFO 2026-03-22 16:27:59,868 accounts.selectors user: bps authenticated.
INFO 2026-03-22 16:27:59,869 accounts.services user: bps logged in.
INFO 2026-03-23 22:16:24,550 transactions.services Transaction: Transaction object (3) for sale: Sale on 2026-03-19 at Business Park Sofia | Reg#: 789789 | Active: True saved.
INFO 2026-03-25 20:07:30,357 sales.services Cart created for sale 8 with services: ['112']
INFO 2026-03-25 20:08:01,756 transactions.services Transaction: Transaction object (4) for sale: Sale on 2026-03-19 at Business Park Sofia | Reg#: 789789 | Active: True saved.
INFO 2026-03-25 20:18:15,665 sales.services New sale recorded: Sale on 2026-03-19 at Business Park Sofia | Reg#: 13 | Active: True
INFO 2026-03-25 20:18:19,523 sales.services Cart created for sale 10 with services: ['69', '114']
INFO 2026-03-25 20:18:22,865 transactions.services Transaction: Transaction object (5) for sale: Sale on 2026-03-19 at Business Park Sofia | Reg#: 13 | Active: True saved.
INFO 2026-03-25 20:21:12,646 sales.services New sale recorded: Sale on 2026-03-19 at Business Park Sofia | Reg#: 123 | Active: True
INFO 2026-03-25 20:21:19,453 sales.services Cart created for sale 11 with services: ['66', '124', '115']
INFO 2026-03-25 20:21:27,130 sales.services Set status: PAID for sale Sale on 2026-03-19 at Business Park Sofia | Reg#: 123 | Active: True
INFO 2026-03-25 20:21:27,131 transactions.services Transaction: Transaction object (6) for sale: Sale on 2026-03-19 at Business Park Sofia | Reg#: 123 | Active: True saved.
INFO 2026-03-25 20:22:15,558 sales.services New sale recorded: Sale on 2026-03-19 at Business Park Sofia | Reg#: 123 | Active: True
INFO 2026-03-25 20:22:33,283 sales.services Cart created for sale 12 with services: ['68', '91', '113', '117']
INFO 2026-03-25 20:22:45,095 sales.services Set status: PARTIAL for sale Sale on 2026-03-19 at Business Park Sofia | Reg#: 123 | Active: True
INFO 2026-03-25 20:22:45,096 transactions.services Transaction: Transaction object (7) for sale: Sale on 2026-03-19 at Business Park Sofia | Reg#: 123 | Active: True saved.
WARNING 2026-03-25 20:22:59,500 transactions.services Transaction: Transaction object (None) does not cover sale: Sale on 2026-03-19 at Business Park Sofia | Reg#: 123 | Active: True
WARNING 2026-03-25 20:23:19,660 transactions.services Transaction: Transaction object (None) does not cover sale: Sale on 2026-03-19 at Business Park Sofia | Reg#: 123 | Active: True
INFO 2026-03-25 20:28:05,022 sales.services Set status: PAID for sale Sale on 2026-03-19 at Business Park Sofia | Reg#: 123 | Active: True
INFO 2026-03-25 20:28:05,024 transactions.services Transaction: Transaction object (8) for sale: Sale on 2026-03-19 at Business Park Sofia | Reg#: 123 | Active: True saved.
